[INFO] Scanning for projects...
[INFO] 
[INFO] ---------------< com.airbamin.desktop:airbamin-desktop >----------------
[INFO] Building airbamin-desktop 1.2.0
[INFO]   from pom.xml
[INFO] --------------------------------[ jar ]---------------------------------
[INFO] 
[INFO] --- clean:3.2.0:clean (default-clean) @ airbamin-desktop ---
[INFO] Deleting D:\LIFE\PROGRAMING\airbamin-desktop\target
[INFO] ------------------------------------------------------------------------
[INFO] BUILD FAILURE
[INFO] ------------------------------------------------------------------------
[INFO] Total time:  1.925 s
[INFO] Finished at: 2025-11-21T03:42:33+02:00
[INFO] ------------------------------------------------------------------------
[ERROR] Failed to execute goal org.apache.maven.plugins:maven-clean-plugin:3.2.0:clean (default-clean) on project airbamin-desktop: Failed to clean project: Failed to delete D:\LIFE\PROGRAMING\airbamin-desktop\target\classes\fonts\Cairo-SemiBold.ttf -> [Help 1]
[ERROR] 
[ERROR] To see the full stack trace of the errors, re-run Maven with the -e switch.
[ERROR] Re-run Maven using the -X switch to enable full debug logging.
[ERROR] 
[ERROR] For more information about the errors and possible solutions, please read the following articles:
[ERROR] [Help 1] http://cwiki.apache.org/confluence/display/MAVEN/MojoExecutionException
